生成启动时间为 2013/12/28 15:07:31。
     1>项目“C:\Users\NewiPeak\Desktop\电影院售票\电影院售票\电影院售票.vcxproj”在节点 2 上(build 个目标)。
     1>InitializeBuildStatus:
         正在创建“Debug\电影院售票.unsuccessfulbuild”，因为已指定“AlwaysCreate”。
       ClCompile:
         c:\Program Files\Microsoft Visual Studio 10.0\VC\bin\CL.exe /c /ZI /nologo /W3 /WX- /Od /Oy- /D _UNICODE /D UNICODE /Gm /EHsc /RTC1 /MDd /GS /fp:precise /Zc:wchar_t /Zc:forScope /Fo"Debug\\" /Fd"Debug\vc100.pdb" /Gd /TP /analyze- /errorReport:prompt "电影院售票.cpp"
         电影院售票.cpp
     1>c:\users\newipeak\desktop\电影院售票\电影院售票\电影院售票.cpp(162): warning C4244: “+=”: 从“double”转换到“int”，可能丢失数据
     1>c:\users\newipeak\desktop\电影院售票\电影院售票\电影院售票.cpp(413): warning C4996: 'localtime': This function or variable may be unsafe. Consider using localtime_s instead. To disable deprecation, use _CRT_SECURE_NO_WARNINGS. See online help for details.
                 c:\program files\microsoft visual studio 10.0\vc\include\time.inl(112) : 参见“localtime”的声明
     1>c:\users\newipeak\desktop\电影院售票\电影院售票\电影院售票.cpp(424): warning C4996: 'localtime': This function or variable may be unsafe. Consider using localtime_s instead. To disable deprecation, use _CRT_SECURE_NO_WARNINGS. See online help for details.
                 c:\program files\microsoft visual studio 10.0\vc\include\time.inl(112) : 参见“localtime”的声明
     1>c:\users\newipeak\desktop\电影院售票\电影院售票\电影院售票.cpp(429): warning C4996: 'strncpy': This function or variable may be unsafe. Consider using strncpy_s instead. To disable deprecation, use _CRT_SECURE_NO_WARNINGS. See online help for details.
                 c:\program files\microsoft visual studio 10.0\vc\include\string.h(188) : 参见“strncpy”的声明
     1>c:\users\newipeak\desktop\电影院售票\电影院售票\电影院售票.cpp(559): warning C4996: 'strncpy': This function or variable may be unsafe. Consider using strncpy_s instead. To disable deprecation, use _CRT_SECURE_NO_WARNINGS. See online help for details.
                 c:\program files\microsoft visual studio 10.0\vc\include\string.h(188) : 参见“strncpy”的声明
       Link:
         c:\Program Files\Microsoft Visual Studio 10.0\VC\bin\link.exe /ERRORREPORT:PROMPT /OUT:"C:\Users\NewiPeak\Desktop\电影院售票\Debug\电影院售票.exe" /NOLOGO kernel32.lib user32.lib gdi32.lib winspool.lib comdlg32.lib advapi32.lib shell32.lib ole32.lib oleaut32.lib uuid.lib odbc32.lib odbccp32.lib /MANIFEST /ManifestFile:"Debug\电影院售票.exe.intermediate.manifest" /MANIFESTUAC:"level='asInvoker' uiAccess='false'" /DEBUG /PDB:"C:\Users\NewiPeak\Desktop\电影院售票\Debug\电影院售票.pdb" /TLBID:1 /DYNAMICBASE /NXCOMPAT /IMPLIB:"C:\Users\NewiPeak\Desktop\电影院售票\Debug\电影院售票.lib" /MACHINE:X86 "Debug\电影院售票.obj"
         LINK : 没有找到 C:\Users\NewiPeak\Desktop\电影院售票\Debug\电影院售票.exe 或上一个增量链接没有生成它；正在执行完全链接
         电影院售票.vcxproj -> C:\Users\NewiPeak\Desktop\电影院售票\Debug\电影院售票.exe
       Manifest:
         C:\Program Files\Microsoft SDKs\Windows\v7.0A\bin\mt.exe /nologo /verbose /outputresource:"C:\Users\NewiPeak\Desktop\电影院售票\Debug\电影院售票.exe;#1" /manifest "Debug\电影院售票.exe.intermediate.manifest"
       FinalizeBuildStatus:
         正在删除文件“Debug\电影院售票.unsuccessfulbuild”。
         正在对“Debug\电影院售票.lastbuildstate”执行 Touch 任务。
     1>已完成生成项目“C:\Users\NewiPeak\Desktop\电影院售票\电影院售票\电影院售票.vcxproj”(build 个目标)的操作。

生成成功。

已用时间 00:00:02.05
