生成启动时间为 2013/10/8 22:42:31。
     1>项目“E:\学习\Demo1\Demo1\Demo1.vcxproj”在节点 2 上(build 个目标)。
     1>InitializeBuildStatus:
         正在创建“Debug\Demo1.unsuccessfulbuild”，因为已指定“AlwaysCreate”。
       ClCompile:
         C:\Program Files (x86)\Microsoft Visual Studio 10.0\VC\bin\CL.exe /c /ZI /nologo /W3 /WX- /Od /Oy- /D _MBCS /Gm /EHsc /RTC1 /MDd /GS /fp:precise /Zc:wchar_t /Zc:forScope /Fo"Debug\\" /Fd"Debug\vc100.pdb" /Gd /TP /analyze- /errorReport:prompt test1.cpp test2.cpp
         test2.cpp
         test1.cpp
         正在生成代码...
       Link:
         C:\Program Files (x86)\Microsoft Visual Studio 10.0\VC\bin\link.exe /ERRORREPORT:PROMPT /OUT:"E:\学习\Demo1\Debug\Demo1.exe" /NOLOGO kernel32.lib user32.lib gdi32.lib winspool.lib comdlg32.lib advapi32.lib shell32.lib ole32.lib oleaut32.lib uuid.lib odbc32.lib odbccp32.lib /MANIFEST /ManifestFile:"Debug\Demo1.exe.intermediate.manifest" /MANIFESTUAC:"level='asInvoker' uiAccess='false'" /DEBUG /PDB:"E:\学习\Demo1\Debug\Demo1.pdb" /TLBID:1 /DYNAMICBASE /NXCOMPAT /IMPLIB:"E:\学习\Demo1\Debug\Demo1.lib" /MACHINE:X86 Debug\test1.obj
         Debug\test2.obj
         LINK : 没有找到 E:\学习\Demo1\Debug\Demo1.exe 或上一个增量链接没有生成它；正在执行完全链接
         Demo1.vcxproj -> E:\学习\Demo1\Debug\Demo1.exe
       Manifest:
         C:\Program Files (x86)\Microsoft SDKs\Windows\v7.0A\bin\mt.exe /nologo /verbose /outputresource:"E:\学习\Demo1\Debug\Demo1.exe;#1" /manifest Debug\Demo1.exe.intermediate.manifest
       FinalizeBuildStatus:
         正在删除文件“Debug\Demo1.unsuccessfulbuild”。
         正在对“Debug\Demo1.lastbuildstate”执行 Touch 任务。
     1>已完成生成项目“E:\学习\Demo1\Demo1\Demo1.vcxproj”(build 个目标)的操作。

生成成功。

已用时间 00:00:07.22
