生成启动时间为 2013/12/16 16:22:01。
     1>项目“C:\Users\NewiPeak\Desktop\文件大本营\HuffmanTree\HuffmanTree\HuffmanTree.vcxproj”在节点 2 上(build 个目标)。
     1>InitializeBuildStatus:
         正在创建“Debug\HuffmanTree.unsuccessfulbuild”，因为已指定“AlwaysCreate”。
       ClCompile:
         c:\Program Files\Microsoft Visual Studio 10.0\VC\bin\CL.exe /c /ZI /nologo /W3 /WX- /Od /Oy- /D _MBCS /Gm /EHsc /RTC1 /MDd /GS /fp:precise /Zc:wchar_t /Zc:forScope /Fo"Debug\\" /Fd"Debug\vc100.pdb" /Gd /TP /analyze- /errorReport:prompt HuffmanTree.cpp
         HuffmanTree.cpp
     1>c:\users\newipeak\desktop\文件大本营\huffmantree\huffmantree\huffmantree.cpp(26): warning C4996: 'scanf': This function or variable may be unsafe. Consider using scanf_s instead. To disable deprecation, use _CRT_SECURE_NO_WARNINGS. See online help for details.
                 c:\program files\microsoft visual studio 10.0\vc\include\stdio.h(304) : 参见“scanf”的声明
     1>c:\users\newipeak\desktop\文件大本营\huffmantree\huffmantree\huffmantree.cpp(29): warning C4996: 'scanf': This function or variable may be unsafe. Consider using scanf_s instead. To disable deprecation, use _CRT_SECURE_NO_WARNINGS. See online help for details.
                 c:\program files\microsoft visual studio 10.0\vc\include\stdio.h(304) : 参见“scanf”的声明
     1>c:\users\newipeak\desktop\文件大本营\huffmantree\huffmantree\huffmantree.cpp(36): warning C4996: 'scanf': This function or variable may be unsafe. Consider using scanf_s instead. To disable deprecation, use _CRT_SECURE_NO_WARNINGS. See online help for details.
                 c:\program files\microsoft visual studio 10.0\vc\include\stdio.h(304) : 参见“scanf”的声明
     1>c:\users\newipeak\desktop\文件大本营\huffmantree\huffmantree\huffmantree.cpp(113): warning C4996: 'fopen': This function or variable may be unsafe. Consider using fopen_s instead. To disable deprecation, use _CRT_SECURE_NO_WARNINGS. See online help for details.
                 c:\program files\microsoft visual studio 10.0\vc\include\stdio.h(234) : 参见“fopen”的声明
     1>c:\users\newipeak\desktop\文件大本营\huffmantree\huffmantree\huffmantree.cpp(120): warning C4996: 'gets': This function or variable may be unsafe. Consider using gets_s instead. To disable deprecation, use _CRT_SECURE_NO_WARNINGS. See online help for details.
                 c:\program files\microsoft visual studio 10.0\vc\include\stdio.h(277) : 参见“gets”的声明
     1>c:\users\newipeak\desktop\文件大本营\huffmantree\huffmantree\huffmantree.cpp(143): warning C4996: 'strcpy': This function or variable may be unsafe. Consider using strcpy_s instead. To disable deprecation, use _CRT_SECURE_NO_WARNINGS. See online help for details.
                 c:\program files\microsoft visual studio 10.0\vc\include\string.h(105) : 参见“strcpy”的声明
     1>c:\users\newipeak\desktop\文件大本营\huffmantree\huffmantree\huffmantree.cpp(151): warning C4996: 'fopen': This function or variable may be unsafe. Consider using fopen_s instead. To disable deprecation, use _CRT_SECURE_NO_WARNINGS. See online help for details.
                 c:\program files\microsoft visual studio 10.0\vc\include\stdio.h(234) : 参见“fopen”的声明
     1>c:\users\newipeak\desktop\文件大本营\huffmantree\huffmantree\huffmantree.cpp(155): warning C4996: 'fopen': This function or variable may be unsafe. Consider using fopen_s instead. To disable deprecation, use _CRT_SECURE_NO_WARNINGS. See online help for details.
                 c:\program files\microsoft visual studio 10.0\vc\include\stdio.h(234) : 参见“fopen”的声明
     1>c:\users\newipeak\desktop\文件大本营\huffmantree\huffmantree\huffmantree.cpp(185): warning C4996: 'fopen': This function or variable may be unsafe. Consider using fopen_s instead. To disable deprecation, use _CRT_SECURE_NO_WARNINGS. See online help for details.
                 c:\program files\microsoft visual studio 10.0\vc\include\stdio.h(234) : 参见“fopen”的声明
     1>c:\users\newipeak\desktop\文件大本营\huffmantree\huffmantree\huffmantree.cpp(189): warning C4996: 'fscanf': This function or variable may be unsafe. Consider using fscanf_s instead. To disable deprecation, use _CRT_SECURE_NO_WARNINGS. See online help for details.
                 c:\program files\microsoft visual studio 10.0\vc\include\stdio.h(253) : 参见“fscanf”的声明
     1>c:\users\newipeak\desktop\文件大本营\huffmantree\huffmantree\huffmantree.cpp(200): warning C4996: 'fopen': This function or variable may be unsafe. Consider using fopen_s instead. To disable deprecation, use _CRT_SECURE_NO_WARNINGS. See online help for details.
                 c:\program files\microsoft visual studio 10.0\vc\include\stdio.h(234) : 参见“fopen”的声明
     1>c:\users\newipeak\desktop\文件大本营\huffmantree\huffmantree\huffmantree.cpp(260): warning C4996: 'scanf': This function or variable may be unsafe. Consider using scanf_s instead. To disable deprecation, use _CRT_SECURE_NO_WARNINGS. See online help for details.
                 c:\program files\microsoft visual studio 10.0\vc\include\stdio.h(304) : 参见“scanf”的声明
     1>c:\users\newipeak\desktop\文件大本营\huffmantree\huffmantree\huffmantree.cpp(273): warning C4996: 'fopen': This function or variable may be unsafe. Consider using fopen_s instead. To disable deprecation, use _CRT_SECURE_NO_WARNINGS. See online help for details.
                 c:\program files\microsoft visual studio 10.0\vc\include\stdio.h(234) : 参见“fopen”的声明
     1>c:\users\newipeak\desktop\文件大本营\huffmantree\huffmantree\huffmantree.cpp(287): warning C4996: 'fopen': This function or variable may be unsafe. Consider using fopen_s instead. To disable deprecation, use _CRT_SECURE_NO_WARNINGS. See online help for details.
                 c:\program files\microsoft visual studio 10.0\vc\include\stdio.h(234) : 参见“fopen”的声明
     1>c:\users\newipeak\desktop\文件大本营\huffmantree\huffmantree\huffmantree.cpp(291): warning C4996: 'fopen': This function or variable may be unsafe. Consider using fopen_s instead. To disable deprecation, use _CRT_SECURE_NO_WARNINGS. See online help for details.
                 c:\program files\microsoft visual studio 10.0\vc\include\stdio.h(234) : 参见“fopen”的声明
     1>c:\users\newipeak\desktop\文件大本营\huffmantree\huffmantree\huffmantree.cpp(310): warning C4996: 'fopen': This function or variable may be unsafe. Consider using fopen_s instead. To disable deprecation, use _CRT_SECURE_NO_WARNINGS. See online help for details.
                 c:\program files\microsoft visual studio 10.0\vc\include\stdio.h(234) : 参见“fopen”的声明
     1>c:\users\newipeak\desktop\文件大本营\huffmantree\huffmantree\huffmantree.cpp(330): warning C4996: 'fopen': This function or variable may be unsafe. Consider using fopen_s instead. To disable deprecation, use _CRT_SECURE_NO_WARNINGS. See online help for details.
                 c:\program files\microsoft visual studio 10.0\vc\include\stdio.h(234) : 参见“fopen”的声明
     1>c:\users\newipeak\desktop\文件大本营\huffmantree\huffmantree\huffmantree.cpp(318): warning C4700: 使用了未初始化的局部变量“x”
     1>c:\users\newipeak\desktop\文件大本营\huffmantree\huffmantree\huffmantree.cpp(319): warning C4700: 使用了未初始化的局部变量“y”
       Link:
         c:\Program Files\Microsoft Visual Studio 10.0\VC\bin\link.exe /ERRORREPORT:PROMPT /OUT:"C:\Users\NewiPeak\Desktop\文件大本营\HuffmanTree\Debug\HuffmanTree.exe" /NOLOGO kernel32.lib user32.lib gdi32.lib winspool.lib comdlg32.lib advapi32.lib shell32.lib ole32.lib oleaut32.lib uuid.lib odbc32.lib odbccp32.lib /MANIFEST /ManifestFile:"Debug\HuffmanTree.exe.intermediate.manifest" /MANIFESTUAC:"level='asInvoker' uiAccess='false'" /DEBUG /PDB:"C:\Users\NewiPeak\Desktop\文件大本营\HuffmanTree\Debug\HuffmanTree.pdb" /TLBID:1 /DYNAMICBASE /NXCOMPAT /IMPLIB:"C:\Users\NewiPeak\Desktop\文件大本营\HuffmanTree\Debug\HuffmanTree.lib" /MACHINE:X86 Debug\HuffmanTree.obj
         LINK : 没有找到 C:\Users\NewiPeak\Desktop\文件大本营\HuffmanTree\Debug\HuffmanTree.exe 或上一个增量链接没有生成它；正在执行完全链接
         HuffmanTree.vcxproj -> C:\Users\NewiPeak\Desktop\文件大本营\HuffmanTree\Debug\HuffmanTree.exe
       Manifest:
         C:\Program Files\Microsoft SDKs\Windows\v7.0A\bin\mt.exe /nologo /verbose /outputresource:"C:\Users\NewiPeak\Desktop\文件大本营\HuffmanTree\Debug\HuffmanTree.exe;#1" /manifest Debug\HuffmanTree.exe.intermediate.manifest
       FinalizeBuildStatus:
         正在删除文件“Debug\HuffmanTree.unsuccessfulbuild”。
         正在对“Debug\HuffmanTree.lastbuildstate”执行 Touch 任务。
     1>已完成生成项目“C:\Users\NewiPeak\Desktop\文件大本营\HuffmanTree\HuffmanTree\HuffmanTree.vcxproj”(build 个目标)的操作。

生成成功。

已用时间 00:00:01.70
